<?xml version="1.0" encoding="UTF-8"?>
<md:EntityDescriptor ID="_077ae9ba-e94a-3ced-89a7-ddf7638bccf5" entityID="http://mockidp.localhost" xmlns:md="urn:oasis:names:tc:SAML:2.0:metadata">
    <md:IDPSSODescriptor WantAuthnRequestsSigned="true" protocolSupportEnumeration="urn:oasis:names:tc:SAML:2.0:protocol">
        <md:KeyDescriptor use="signing">
            <ds:KeyInfo xmlns:ds="http://www.w3.org/2000/09/xmldsig#">
                <ds:X509Data>
                    <ds:X509Certificate>MIID3zCCAsegAwIBAgIUb0xgAHok8te7sBj3lXiOrXpLv9kwDQYJKoZIhvcNAQELBQAwfzELMAkGA1UEBhMCREsxEDAOBgNVBAgMB0Rlbm1hcmsxEzARBgNVBAcMCkNvcGVuaGFnZW4xITAfBgNVBAoMGERpZ2l0YWxpc2VyaW5nc3N0eXJlbHNlbjEQMA4GA1UECwwHT0lPU0FNTDEUMBIGA1UEAwwLT0lPU0FNTCBJRFAwHhcNMjAxMjI4MDk0MjAzWhcNMzAxMjI2MDk0MjAzWjB/MQswCQYDVQQGEwJESzEQMA4GA1UECAwHRGVubWFyazETMBEGA1UEBwwKQ29wZW5oYWdlbjEhMB8GA1UECgwYRGlnaXRhbGlzZXJpbmdzc3R5cmVsc2VuMRAwDgYDVQQLDAdPSU9TQU1MMRQwEgYDVQQDDAtPSU9TQU1MIElEUDCCASIwDQYJKoZIhvcNAQEBBQADggEPADCCAQoCggEBAO50DYKJnT1p6I7TWQzWEnhGDOJSNtovch4yBsHgrt4G2FRkor5V4wbteyXpmZ8kTqcrGymwwewhHdSRNP4GxLRPp0eBpPuCJfXp4zkpkNnnJ0FoxU5AQD9bMNmdM4bl/P8L7diPOIkaOK/+cIZhC6QDwP4azskqI6iWm9QFREH/MBezeQEIpseM6/ARlJUdH0rlsxr/w33H7nBhpEk1TE2PxBhSpWeXO+x0H+TqtDMwiNnQDlqtZg8C1M8+3hsvwJNDjaSb7jG+HZAOUBFkcd78x+eZLpfBIwvVerXYP2gyS8a6Y4701tfW2w0DzMtmRA0Kj2YB9I+YU7EdjkkXMb8CAwEAAaNTMFEwHQYDVR0OBBYEFHGu4gshdD/pJO4fTXNfoSYhJL4hMB8GA1UdIwQYMBaAFHGu4gshdD/pJO4fTXNfoSYhJL4hMA8GA1UdEwEB/wQFMAMBAf8wDQYJKoZIhvcNAQELBQADggEBAFWpTj7oPwhYPW09vCQ7UXFt5lSzCIbXAf4GUUkEZIymbBVVyCSQhbBBVWvr6EHHt5KpI4Q7dKnNT0hw8+4QNz0TIXcd9IM/IE8TLaEleCn/GuFTFsWSeefb4fkUzlcAR9Qw7OeAorPJNRs8oRYXX1+8qOfhnYwQSYq0fUC3EqiQDrqDLuBXeYar9oJckGNkzm9nxgdVjJiu9PmQWophvcTVIgfiJtUKcZn5724BtA5wHufPOB5SYsEf5pAY26miJB9mZondsN7OxL9wxQ6d+b3WhMXXCd31unddpZaRMya42WGMkpOYZq7BXGf4VqyEv2f/y3ir3X2TKx33hRBtwAo=</ds:X509Certificate>
                </ds:X509Data>
            </ds:KeyInfo>
        </md:KeyDescriptor>
        <md:KeyDescriptor use="encryption">
            <ds:KeyInfo xmlns:ds="http://www.w3.org/2000/09/xmldsig#">
                <ds:X509Data>
                    <ds:X509Certificate>MIID3zCCAsegAwIBAgIUb0xgAHok8te7sBj3lXiOrXpLv9kwDQYJKoZIhvcNAQELBQAwfzELMAkGA1UEBhMCREsxEDAOBgNVBAgMB0Rlbm1hcmsxEzARBgNVBAcMCkNvcGVuaGFnZW4xITAfBgNVBAoMGERpZ2l0YWxpc2VyaW5nc3N0eXJlbHNlbjEQMA4GA1UECwwHT0lPU0FNTDEUMBIGA1UEAwwLT0lPU0FNTCBJRFAwHhcNMjAxMjI4MDk0MjAzWhcNMzAxMjI2MDk0MjAzWjB/MQswCQYDVQQGEwJESzEQMA4GA1UECAwHRGVubWFyazETMBEGA1UEBwwKQ29wZW5oYWdlbjEhMB8GA1UECgwYRGlnaXRhbGlzZXJpbmdzc3R5cmVsc2VuMRAwDgYDVQQLDAdPSU9TQU1MMRQwEgYDVQQDDAtPSU9TQU1MIElEUDCCASIwDQYJKoZIhvcNAQEBBQADggEPADCCAQoCggEBAO50DYKJnT1p6I7TWQzWEnhGDOJSNtovch4yBsHgrt4G2FRkor5V4wbteyXpmZ8kTqcrGymwwewhHdSRNP4GxLRPp0eBpPuCJfXp4zkpkNnnJ0FoxU5AQD9bMNmdM4bl/P8L7diPOIkaOK/+cIZhC6QDwP4azskqI6iWm9QFREH/MBezeQEIpseM6/ARlJUdH0rlsxr/w33H7nBhpEk1TE2PxBhSpWeXO+x0H+TqtDMwiNnQDlqtZg8C1M8+3hsvwJNDjaSb7jG+HZAOUBFkcd78x+eZLpfBIwvVerXYP2gyS8a6Y4701tfW2w0DzMtmRA0Kj2YB9I+YU7EdjkkXMb8CAwEAAaNTMFEwHQYDVR0OBBYEFHGu4gshdD/pJO4fTXNfoSYhJL4hMB8GA1UdIwQYMBaAFHGu4gshdD/pJO4fTXNfoSYhJL4hMA8GA1UdEwEB/wQFMAMBAf8wDQYJKoZIhvcNAQELBQADggEBAFWpTj7oPwhYPW09vCQ7UXFt5lSzCIbXAf4GUUkEZIymbBVVyCSQhbBBVWvr6EHHt5KpI4Q7dKnNT0hw8+4QNz0TIXcd9IM/IE8TLaEleCn/GuFTFsWSeefb4fkUzlcAR9Qw7OeAorPJNRs8oRYXX1+8qOfhnYwQSYq0fUC3EqiQDrqDLuBXeYar9oJckGNkzm9nxgdVjJiu9PmQWophvcTVIgfiJtUKcZn5724BtA5wHufPOB5SYsEf5pAY26miJB9mZondsN7OxL9wxQ6d+b3WhMXXCd31unddpZaRMya42WGMkpOYZq7BXGf4VqyEv2f/y3ir3X2TKx33hRBtwAo=</ds:X509Certificate>
                </ds:X509Data>
            </ds:KeyInfo>
        </md:KeyDescriptor>
        <md:SingleLogoutService Binding="urn:oasis:names:tc:SAML:2.0:bindings:HTTP-Redirect" Location="http://localhost:8081/saml/logout" ResponseLocation="http://localhost:8081/saml/logout/response"/>
        <md:SingleSignOnService Binding="urn:oasis:names:tc:SAML:2.0:bindings:HTTP-Redirect" Location="http://localhost:8081/saml/login"/>
    </md:IDPSSODescriptor>
</md:EntityDescriptor>